<?xml version="1.0" encoding="UTF-8"?>
<!-- Generated by org.testng.reporters.JUnitXMLReporter -->
<testsuite ignored="0" hostname="DESKTOP-K7AUCDP" failures="0" tests="4" name="Default test" time="29.202" errors="0" timestamp="2023-08-24T11:12:14 IST">
  <testcase classname="com.about_orangeHRM_project.AdminQualifications_Education" name="testLogin" time="17.566"/>
  <testcase classname="com.about_orangeHRM_project.AdminQualifications_Education" name="qualificationsDropdowm" time="3.807"/>
  <testcase classname="com.about_orangeHRM_project.AdminQualifications_Education" name="addEducation" time="1.737"/>
  <testcase classname="com.about_orangeHRM_project.AdminQualifications_Education" name="deleteEducation" time="4.224"/>
</testsuite> <!-- Default test -->
