<?xml version="1.0" encoding="UTF-8"?>
<testng-results ignored="0" total="4" passed="4" failed="0" skipped="0">
  <reporter-output>
  </reporter-output>
  <suite started-at="2023-08-24T11:11:44 IST" name="Default suite" finished-at="2023-08-24T11:12:14 IST" duration-ms="29202">
    <groups>
    </groups>
    <test started-at="2023-08-24T11:11:44 IST" name="Default test" finished-at="2023-08-24T11:12:14 IST" duration-ms="29202">
      <class name="com.about_orangeHRM_project.AdminQualifications_Education">
        <test-method is-config="true" signature="setUp()[pri:0, instance:com.about_orangeHRM_project.AdminQualifications_Education@33bc72d1]" started-at="2023-08-24T11:11:44 IST" name="setUp" finished-at="2023-08-24T11:11:46 IST" duration-ms="1821" status="PASS">
          <reporter-output>
          </reporter-output>
        </test-method> <!-- setUp -->
        <test-method signature="testLogin()[pri:1, instance:com.about_orangeHRM_project.AdminQualifications_Education@33bc72d1]" started-at="2023-08-24T11:11:46 IST" name="testLogin" finished-at="2023-08-24T11:12:04 IST" duration-ms="17566" status="PASS">
          <reporter-output>
          </reporter-output>
        </test-method> <!-- testLogin -->
        <test-method signature="qualificationsDropdowm()[pri:2, instance:com.about_orangeHRM_project.AdminQualifications_Education@33bc72d1]" started-at="2023-08-24T11:12:04 IST" name="qualificationsDropdowm" finished-at="2023-08-24T11:12:08 IST" duration-ms="3807" status="PASS">
          <reporter-output>
          </reporter-output>
        </test-method> <!-- qualificationsDropdowm -->
        <test-method signature="addEducation()[pri:3, instance:com.about_orangeHRM_project.AdminQualifications_Education@33bc72d1]" started-at="2023-08-24T11:12:08 IST" name="addEducation" finished-at="2023-08-24T11:12:09 IST" duration-ms="1737" status="PASS">
          <reporter-output>
          </reporter-output>
        </test-method> <!-- addEducation -->
        <test-method signature="deleteEducation()[pri:4, instance:com.about_orangeHRM_project.AdminQualifications_Education@33bc72d1]" started-at="2023-08-24T11:12:09 IST" name="deleteEducation" finished-at="2023-08-24T11:12:14 IST" duration-ms="4224" status="PASS">
          <reporter-output>
          </reporter-output>
        </test-method> <!-- deleteEducation -->
      </class> <!-- com.about_orangeHRM_project.AdminQualifications_Education -->
    </test> <!-- Default test -->
  </suite> <!-- Default suite -->
</testng-results>
